Z:\DESKTOP\CG\CG PROJ\CG\DEBUG\SQUARE.OBJ
Z:\DESKTOP\CG\CG PROJ\CG\DEBUG\VC110.PDB
Z:\DESKTOP\CG\CG PROJ\DEBUG\CG.EXE
Z:\DESKTOP\CG\CG PROJ\DEBUG\CG.PDB
z:\Desktop\CG\CG Proj\CG\Debug\Square.obj
z:\Desktop\CG\CG Proj\CG\Debug\cl.command.1.tlog
z:\Desktop\CG\CG Proj\CG\Debug\CL.read.1.tlog
z:\Desktop\CG\CG Proj\CG\Debug\CL.write.1.tlog
z:\Desktop\CG\CG Proj\CG\Debug\link.command.1.tlog
z:\Desktop\CG\CG Proj\CG\Debug\link.read.1.tlog
z:\Desktop\CG\CG Proj\CG\Debug\link.write.1.tlog
z:\Desktop\CG\CG Proj\CG\Debug\link-cvtres.read.1.tlog
z:\Desktop\CG\CG Proj\CG\Debug\link-cvtres.write.1.tlog
z:\Desktop\CG\CG Proj\CG\Debug\link-rc.read.1.tlog
z:\Desktop\CG\CG Proj\CG\Debug\link-rc.write.1.tlog
z:\Desktop\CG\CG Proj\CG\Debug\vc110.idb
z:\Desktop\CG\CG Proj\CG\Debug\vc110.pdb
z:\Desktop\CG\CG Proj\Debug\CG.pdb
z:\Desktop\CG\CG Proj\Debug\CG.exe
z:\Desktop\CG\CG Proj\Debug\CG.ilk
